2025-06-26T12:37:35 | touched: test/Lightgbmpro.test.js
2025-08-12T07:15:01 | touched: package.json
2025-06-26T05:44:36 | touched: hardhat.config.js
2025-03-05T01:49:20 | touched: scripts/interact.js
2025-09-24T05:37:56 | touched: scripts/api-server.js
2025-08-25T21:00:14 | touched: scripts/deploy.js
2025-11-28T03:44:08 | touched: contracts/Lightgbmpro.sol
2025-05-04T07:13:54 | touched: test/Lightgbmpro.test.js
2025-08-16T14:45:42 | touched: README.md
2025-06-29T17:40:48 | touched: scripts/cli.js
2025-03-28T19:33:00 | touched: hardhat.config.js
2025-04-12T03:09:04 | touched: test/Lightgbmpro.test.js
2025-03-26T18:06:42 | touched: package.json
2025-06-24T17:50:45 | touched: scripts/api-server.js
2025-08-26T21:43:11 | touched: README.md
2025-12-16T15:28:47 | touched: scripts/cli.js
2025-05-07T20:38:35 | touched: hardhat.config.js
2025-09-04T09:19:36 | touched: scripts/cli.js
2025-08-13T13:52:20 | touched: hardhat.config.js
2025-01-21T02:05:24 | touched: README.md
2025-10-20T09:43:48 | touched: package.json
2025-07-27T02:09:52 | touched: hardhat.config.js
2025-02-21T18:55:34 | touched: scripts/cli.js
2025-07-11T04:24:24 | touched: test/Lightgbmpro.test.js
2025-07-11T23:03:47 | touched: test/Lightgbmpro.test.js
2025-03-10T06:22:37 | touched: scripts/frontend-integration.js
2025-05-21T12:22:51 | touched: scripts/api-server.js
2025-05-06T07:33:53 | touched: scripts/interact.js
2025-03-08T03:40:18 | touched: scripts/interact.js
2025-04-16T03:42:52 | touched: scripts/frontend-integration.js
2025-04-24T21:37:47 | touched: scripts/interact.js
2025-09-07T18:34:30 | touched: scripts/cli.js
2025-01-29T19:12:16 | touched: package.json
